hyprland-nvidia-git 
libva-nvidia-driver-git
nvidia-dkms
xdg-desktop-portal-hyprland
xorg-xwayland
qt5-wayland
qt6-wayland
qt5ct
qt6ct
libva
pipewire
pipewire-alsa
pipewire-pulse
pipewire-jack
pavucontrol
wireplumber
ripgrep
playerctl
gradience-git
adw-gtk3-git
jq
eww-tray-wayland-git
polkit-gnome
swww
gtklock
pamixer
grimblast-git 
gnome-control-center
kitty
thunar
thunar-archive-plugin
file-roller
xdg-user-dirs
wf-recorder
dbus-python
python-gobject
python-requests
python-jinja
python-material-color-utilities
zenity
socat
hyprpicker-git
